Classic Timing Analyzer report for Experiment62
Wed Nov 04 16:25:22 2020
Quartus II Version 9.0 Build 235 06/17/2009 Service Pack 2 SJ Web Edition


---------------------
; Table of Contents ;
---------------------
  1. Legal Notice
  2. Timing Analyzer Summary
  3. Timing Analyzer Settings
  4. Clock Settings Summary
  5. Parallel Compilation
  6. Clock Setup: 'CP'
  7. tsu
  8. tco
  9. th
 10. Timing Analyzer Messages



----------------
; Legal Notice ;
----------------
Copyright (C) 1991-2009 Altera Corporation
Your use of Altera Corporation's design tools, logic functions 
and other software and tools, and its AMPP partner logic 
functions, and any output files from any of the foregoing 
(including device programming or simulation files), and any 
associated documentation or information are expressly subject 
to the terms and conditions of the Altera Program License 
Subscription Agreement, Altera MegaCore Function License 
Agreement, or other applicable license agreement, including, 
without limitation, that your use is for the sole purpose of 
programming logic devices manufactured by Altera and sold by 
Altera or its authorized distributors.  Please refer to the 
applicable agreement for further details.



+----------------------------------------------------------------------------------------------------------------------------------------------------------------------------+
; Timing Analyzer Summary                                                                                                                                                    ;
+------------------------------+-------+---------------+------------------------------------------------+--------------+--------------+------------+----------+--------------+
; Type                         ; Slack ; Required Time ; Actual Time                                    ; From         ; To           ; From Clock ; To Clock ; Failed Paths ;
+------------------------------+-------+---------------+------------------------------------------------+--------------+--------------+------------+----------+--------------+
; Worst-case tsu               ; N/A   ; None          ; 1.600 ns                                       ; A            ; 7474:inst|9  ; --         ; CP       ; 0            ;
; Worst-case tco               ; N/A   ; None          ; 14.800 ns                                      ; 7474:inst|9  ; Q0           ; CP         ; --       ; 0            ;
; Worst-case th                ; N/A   ; None          ; 0.300 ns                                       ; A            ; 7474:inst|9  ; --         ; CP       ; 0            ;
; Clock Setup: 'CP'            ; N/A   ; None          ; Restricted to 200.00 MHz ( period = 5.000 ns ) ; 7474:inst|10 ; 7474:inst1|9 ; CP         ; CP       ; 0            ;
; Total number of failed paths ;       ;               ;                                                ;              ;              ;            ;          ; 0            ;
+------------------------------+-------+---------------+------------------------------------------------+--------------+--------------+------------+----------+--------------+


+--------------------------------------------------------------------------------------------------------------------+
; Timing Analyzer Settings                                                                                           ;
+---------------------------------------------------------------------+--------------------+------+----+-------------+
; Option                                                              ; Setting            ; From ; To ; Entity Name ;
+---------------------------------------------------------------------+--------------------+------+----+-------------+
; Device Name                                                         ; EP1K30TC144-3      ;      ;    ;             ;
; Timing Models                                                       ; Final              ;      ;    ;             ;
; Default hold multicycle                                             ; Same as Multicycle ;      ;    ;             ;
; Cut paths between unrelated clock domains                           ; On                 ;      ;    ;             ;
; Cut off read during write signal paths                              ; On                 ;      ;    ;             ;
; Cut off feedback from I/O pins                                      ; On                 ;      ;    ;             ;
; Report Combined Fast/Slow Timing                                    ; Off                ;      ;    ;             ;
; Ignore Clock Settings                                               ; Off                ;      ;    ;             ;
; Analyze latches as synchronous elements                             ; On                 ;      ;    ;             ;
; Enable Recovery/Removal analysis                                    ; Off                ;      ;    ;             ;
; Enable Clock Latency                                                ; Off                ;      ;    ;             ;
; Use TimeQuest Timing Analyzer                                       ; Off                ;      ;    ;             ;
; Number of source nodes to report per destination node               ; 10                 ;      ;    ;             ;
; Number of destination nodes to report                               ; 10                 ;      ;    ;             ;
; Number of paths to report                                           ; 200                ;      ;    ;             ;
; Report Minimum Timing Checks                                        ; Off                ;      ;    ;             ;
; Use Fast Timing Models                                              ; Off                ;      ;    ;             ;
; Report IO Paths Separately                                          ; Off                ;      ;    ;             ;
; Perform Multicorner Analysis                                        ; Off                ;      ;    ;             ;
; Reports the worst-case path for each clock domain and analysis      ; Off                ;      ;    ;             ;
; Removes common clock path pessimism (CCPP) during slack computation ; Off                ;      ;    ;             ;
; Output I/O Timing Endpoint                                          ; Near End           ;      ;    ;             ;
+---------------------------------------------------------------------+--------------------+------+----+-------------+


+------------------------------------------------------------------------------------------------------------------------------------------------------------------------------------+
; Clock Settings Summary                                                                                                                                                             ;
+-----------------+--------------------+----------+------------------+---------------+--------------+----------+-----------------------+---------------------+--------+--------------+
; Clock Node Name ; Clock Setting Name ; Type     ; Fmax Requirement ; Early Latency ; Late Latency ; Based on ; Multiply Base Fmax by ; Divide Base Fmax by ; Offset ; Phase offset ;
+-----------------+--------------------+----------+------------------+---------------+--------------+----------+-----------------------+---------------------+--------+--------------+
; CP              ;                    ; User Pin ; None             ; 0.000 ns      ; 0.000 ns     ; --       ; N/A                   ; N/A                 ; N/A    ;              ;
+-----------------+--------------------+----------+------------------+---------------+--------------+----------+-----------------------+---------------------+--------+--------------+


Parallel compilation was disabled, but you have multiple processors available. Enable parallel compilation to reduce compilation time.
+-------------------------------------+
; Parallel Compilation                ;
+----------------------------+--------+
; Processors                 ; Number ;
+----------------------------+--------+
; Number detected on machine ; 6      ;
; Maximum allowed            ; 1      ;
+----------------------------+--------+


+----------------------------------------------------------------------------------------------------------------------------------------------------------------------------------------------------+
; Clock Setup: 'CP'                                                                                                                                                                                  ;
+-------+------------------------------------------------+---------------+---------------+------------+----------+-----------------------------+---------------------------+-------------------------+
; Slack ; Actual fmax (period)                           ; From          ; To            ; From Clock ; To Clock ; Required Setup Relationship ; Required Longest P2P Time ; Actual Longest P2P Time ;
+-------+------------------------------------------------+---------------+---------------+------------+----------+-----------------------------+---------------------------+-------------------------+
; N/A   ; Restricted to 200.00 MHz ( period = 5.000 ns ) ; 7474:inst1|10 ; 7474:inst|9   ; CP         ; CP       ; None                        ; None                      ; 1.900 ns                ;
; N/A   ; Restricted to 200.00 MHz ( period = 5.000 ns ) ; 7474:inst1|9  ; 7474:inst1|10 ; CP         ; CP       ; None                        ; None                      ; 1.900 ns                ;
; N/A   ; Restricted to 200.00 MHz ( period = 5.000 ns ) ; 7474:inst|10  ; 7474:inst1|9  ; CP         ; CP       ; None                        ; None                      ; 1.900 ns                ;
; N/A   ; Restricted to 200.00 MHz ( period = 5.000 ns ) ; 7474:inst|9   ; 7474:inst|10  ; CP         ; CP       ; None                        ; None                      ; 1.100 ns                ;
+-------+------------------------------------------------+---------------+---------------+------------+----------+-----------------------------+---------------------------+-------------------------+


+-------------------------------------------------------------------+
; tsu                                                               ;
+-------+--------------+------------+------+-------------+----------+
; Slack ; Required tsu ; Actual tsu ; From ; To          ; To Clock ;
+-------+--------------+------------+------+-------------+----------+
; N/A   ; None         ; 1.600 ns   ; A    ; 7474:inst|9 ; CP       ;
+-------+--------------+------------+------+-------------+----------+


+---------------------------------------------------------------------+
; tco                                                                 ;
+-------+--------------+------------+---------------+----+------------+
; Slack ; Required tco ; Actual tco ; From          ; To ; From Clock ;
+-------+--------------+------------+---------------+----+------------+
; N/A   ; None         ; 14.800 ns  ; 7474:inst1|10 ; Q3 ; CP         ;
; N/A   ; None         ; 14.800 ns  ; 7474:inst1|9  ; Q2 ; CP         ;
; N/A   ; None         ; 14.800 ns  ; 7474:inst|10  ; Q1 ; CP         ;
; N/A   ; None         ; 14.800 ns  ; 7474:inst|9   ; Q0 ; CP         ;
+-------+--------------+------------+---------------+----+------------+


+-------------------------------------------------------------------------+
; th                                                                      ;
+---------------+-------------+-----------+------+-------------+----------+
; Minimum Slack ; Required th ; Actual th ; From ; To          ; To Clock ;
+---------------+-------------+-----------+------+-------------+----------+
; N/A           ; None        ; 0.300 ns  ; A    ; 7474:inst|9 ; CP       ;
+---------------+-------------+-----------+------+-------------+----------+


+--------------------------+
; Timing Analyzer Messages ;
+--------------------------+
Info: *******************************************************************
Info: Running Quartus II Classic Timing Analyzer
    Info: Version 9.0 Build 235 06/17/2009 Service Pack 2 SJ Web Edition
    Info: Processing started: Wed Nov 04 16:25:21 2020
Info: Command: quartus_tan --read_settings_files=off --write_settings_files=off Experiment62 -c Experiment62
Info: Started post-fitting delay annotation
Info: Delay annotation completed successfully
Warning: Found pins functioning as undefined clocks and/or memory enables
    Info: Assuming node "CP" is an undefined clock
Info: Clock "CP" Internal fmax is restricted to 200.0 MHz between source register "7474:inst1|10" and destination register "7474:inst|9"
    Info: fmax restricted to Clock High delay (2.5 ns) plus Clock Low delay (2.5 ns) : restricted to 5.0 ns. Expand message to see actual delay path.
        Info: + Longest register to register delay is 1.900 ns
            Info: 1: + IC(0.000 ns) + CELL(0.000 ns) = 0.000 ns; Loc. = LC2_D26; Fanout = 2; REG Node = '7474:inst1|10'
            Info: 2: + IC(1.100 ns) + CELL(0.800 ns) = 1.900 ns; Loc. = LC4_D29; Fanout = 2; REG Node = '7474:inst|9'
            Info: Total cell delay = 0.800 ns ( 42.11 % )
            Info: Total interconnect delay = 1.100 ns ( 57.89 % )
        Info: - Smallest clock skew is 0.000 ns
            Info: + Shortest clock path from clock "CP" to destination register is 7.200 ns
                Info: 1: + IC(0.000 ns) + CELL(4.900 ns) = 4.900 ns; Loc. = PIN_137; Fanout = 4; CLK Node = 'CP'
                Info: 2: + IC(2.300 ns) + CELL(0.000 ns) = 7.200 ns; Loc. = LC4_D29; Fanout = 2; REG Node = '7474:inst|9'
                Info: Total cell delay = 4.900 ns ( 68.06 % )
                Info: Total interconnect delay = 2.300 ns ( 31.94 % )
            Info: - Longest clock path from clock "CP" to source register is 7.200 ns
                Info: 1: + IC(0.000 ns) + CELL(4.900 ns) = 4.900 ns; Loc. = PIN_137; Fanout = 4; CLK Node = 'CP'
                Info: 2: + IC(2.300 ns) + CELL(0.000 ns) = 7.200 ns; Loc. = LC2_D26; Fanout = 2; REG Node = '7474:inst1|10'
                Info: Total cell delay = 4.900 ns ( 68.06 % )
                Info: Total interconnect delay = 2.300 ns ( 31.94 % )
        Info: + Micro clock to output delay of source is 0.500 ns
        Info: + Micro setup delay of destination is 0.600 ns
Info: tsu for register "7474:inst|9" (data pin = "A", clock pin = "CP") is 1.600 ns
    Info: + Longest pin to register delay is 8.200 ns
        Info: 1: + IC(0.000 ns) + CELL(4.900 ns) = 4.900 ns; Loc. = PIN_138; Fanout = 1; PIN Node = 'A'
        Info: 2: + IC(2.300 ns) + CELL(1.000 ns) = 8.200 ns; Loc. = LC4_D29; Fanout = 2; REG Node = '7474:inst|9'
        Info: Total cell delay = 5.900 ns ( 71.95 % )
        Info: Total interconnect delay = 2.300 ns ( 28.05 % )
    Info: + Micro setup delay of destination is 0.600 ns
    Info: - Shortest clock path from clock "CP" to destination register is 7.200 ns
        Info: 1: + IC(0.000 ns) + CELL(4.900 ns) = 4.900 ns; Loc. = PIN_137; Fanout = 4; CLK Node = 'CP'
        Info: 2: + IC(2.300 ns) + CELL(0.000 ns) = 7.200 ns; Loc. = LC4_D29; Fanout = 2; REG Node = '7474:inst|9'
        Info: Total cell delay = 4.900 ns ( 68.06 % )
        Info: Total interconnect delay = 2.300 ns ( 31.94 % )
Info: tco from clock "CP" to destination pin "Q3" through register "7474:inst1|10" is 14.800 ns
    Info: + Longest clock path from clock "CP" to source register is 7.200 ns
        Info: 1: + IC(0.000 ns) + CELL(4.900 ns) = 4.900 ns; Loc. = PIN_137; Fanout = 4; CLK Node = 'CP'
        Info: 2: + IC(2.300 ns) + CELL(0.000 ns) = 7.200 ns; Loc. = LC2_D26; Fanout = 2; REG Node = '7474:inst1|10'
        Info: Total cell delay = 4.900 ns ( 68.06 % )
        Info: Total interconnect delay = 2.300 ns ( 31.94 % )
    Info: + Micro clock to output delay of source is 0.500 ns
    Info: + Longest register to pin delay is 7.100 ns
        Info: 1: + IC(0.000 ns) + CELL(0.000 ns) = 0.000 ns; Loc. = LC2_D26; Fanout = 2; REG Node = '7474:inst1|10'
        Info: 2: + IC(0.800 ns) + CELL(6.300 ns) = 7.100 ns; Loc. = PIN_132; Fanout = 0; PIN Node = 'Q3'
        Info: Total cell delay = 6.300 ns ( 88.73 % )
        Info: Total interconnect delay = 0.800 ns ( 11.27 % )
Info: th for register "7474:inst|9" (data pin = "A", clock pin = "CP") is 0.300 ns
    Info: + Longest clock path from clock "CP" to destination register is 7.200 ns
        Info: 1: + IC(0.000 ns) + CELL(4.900 ns) = 4.900 ns; Loc. = PIN_137; Fanout = 4; CLK Node = 'CP'
        Info: 2: + IC(2.300 ns) + CELL(0.000 ns) = 7.200 ns; Loc. = LC4_D29; Fanout = 2; REG Node = '7474:inst|9'
        Info: Total cell delay = 4.900 ns ( 68.06 % )
        Info: Total interconnect delay = 2.300 ns ( 31.94 % )
    Info: + Micro hold delay of destination is 1.300 ns
    Info: - Shortest pin to register delay is 8.200 ns
        Info: 1: + IC(0.000 ns) + CELL(4.900 ns) = 4.900 ns; Loc. = PIN_138; Fanout = 1; PIN Node = 'A'
        Info: 2: + IC(2.300 ns) + CELL(1.000 ns) = 8.200 ns; Loc. = LC4_D29; Fanout = 2; REG Node = '7474:inst|9'
        Info: Total cell delay = 5.900 ns ( 71.95 % )
        Info: Total interconnect delay = 2.300 ns ( 28.05 % )
Info: Quartus II Classic Timing Analyzer was successful. 0 errors, 1 warning
    Info: Peak virtual memory: 210 megabytes
    Info: Processing ended: Wed Nov 04 16:25:22 2020
    Info: Elapsed time: 00:00:01
    Info: Total CPU time (on all processors): 00:00:00


