Flow report for HardwareBigHomework
Thu Jul 08 22:03:08 2021
Quartus II Version 9.0 Build 235 06/17/2009 Service Pack 2 SJ Web Edition


---------------------
; Table of Contents ;
---------------------
  1. Legal Notice
  2. Flow Summary
  3. Flow Settings
  4. Flow Non-Default Global Settings
  5. Flow Elapsed Time
  6. Flow OS Summary
  7. Flow Log



----------------
; Legal Notice ;
----------------
Copyright (C) 1991-2009 Altera Corporation
Your use of Altera Corporation's design tools, logic functions 
and other software and tools, and its AMPP partner logic 
functions, and any output files from any of the foregoing 
(including device programming or simulation files), and any 
associated documentation or information are expressly subject 
to the terms and conditions of the Altera Program License 
Subscription Agreement, Altera MegaCore Function License 
Agreement, or other applicable license agreement, including, 
without limitation, that your use is for the sole purpose of 
programming logic devices manufactured by Altera and sold by 
Altera or its authorized distributors.  Please refer to the 
applicable agreement for further details.



+------------------------------------------------------------------------+
; Flow Summary                                                           ;
+-------------------------+----------------------------------------------+
; Flow Status             ; Successful - Thu Jul 08 22:03:08 2021        ;
; Quartus II Version      ; 9.0 Build 235 06/17/2009 SP 2 SJ Web Edition ;
; Revision Name           ; HardwareBigHomework                          ;
; Top-level Entity Name   ; HardwareBigHomework                          ;
; Family                  ; ACEX1K                                       ;
; Device                  ; EP1K30TC144-3                                ;
; Timing Models           ; Final                                        ;
; Met timing requirements ; Yes                                          ;
; Total logic elements    ; 58 / 1,728 ( 3 % )                           ;
; Total pins              ; 24 / 102 ( 24 % )                            ;
; Total memory bits       ; 0 / 24,576 ( 0 % )                           ;
; Total PLLs              ; 0                                            ;
+-------------------------+----------------------------------------------+


+-----------------------------------------+
; Flow Settings                           ;
+-------------------+---------------------+
; Option            ; Setting             ;
+-------------------+---------------------+
; Start date & time ; 07/08/2021 22:02:52 ;
; Main task         ; Compilation         ;
; Revision Name     ; HardwareBigHomework ;
+-------------------+---------------------+


+-------------------------------------------------------------------------------------------------------------------------------------------------------+
; Flow Non-Default Global Settings                                                                                                                      ;
+------------------------------------+-------------------------------------------------------------------+---------------+-------------+----------------+
; Assignment Name                    ; Value                                                             ; Default Value ; Entity Name ; Section Id     ;
+------------------------------------+-------------------------------------------------------------------+---------------+-------------+----------------+
; COMPILER_SIGNATURE_ID              ; 1098625300488.162575297206412                                     ; --            ; --          ; --             ;
; MAX_CORE_JUNCTION_TEMP             ; 85                                                                ; --            ; --          ; --             ;
; MIN_CORE_JUNCTION_TEMP             ; 0                                                                 ; --            ; --          ; --             ;
; MISC_FILE                          ; Z:/Altera Quatus II/Hardware Big Homework/HardwareBigHomework.dpf ; --            ; --          ; --             ;
; USE_GENERATED_PHYSICAL_CONSTRAINTS ; Off                                                               ; --            ; --          ; eda_blast_fpga ;
+------------------------------------+-------------------------------------------------------------------+---------------+-------------+----------------+


+-----------------------------------------------------------------------------------------------------------------------------+
; Flow Elapsed Time                                                                                                           ;
+-------------------------+--------------+-------------------------+---------------------+------------------------------------+
; Module Name             ; Elapsed Time ; Average Processors Used ; Peak Virtual Memory ; Total CPU Time (on all processors) ;
+-------------------------+--------------+-------------------------+---------------------+------------------------------------+
; Analysis & Synthesis    ; 00:00:06     ; 1.0                     ; 227 MB              ; 00:00:01                           ;
; Fitter                  ; 00:00:02     ; 1.0                     ; 202 MB              ; 00:00:01                           ;
; Assembler               ; 00:00:00     ; 1.0                     ; 193 MB              ; 00:00:00                           ;
; Classic Timing Analyzer ; 00:00:02     ; 1.0                     ; 163 MB              ; 00:00:00                           ;
; Total                   ; 00:00:10     ; --                      ; --                  ; 00:00:02                           ;
+-------------------------+--------------+-------------------------+---------------------+------------------------------------+


+------------------------------------------------------------------------------------------+
; Flow OS Summary                                                                          ;
+-------------------------+------------------+---------------+------------+----------------+
; Module Name             ; Machine Hostname ; OS Name       ; OS Version ; Processor type ;
+-------------------------+------------------+---------------+------------+----------------+
; Analysis & Synthesis    ; Lenovo-YOGA-14c  ; Windows Vista ; 6.2        ; x86_64         ;
; Fitter                  ; Lenovo-YOGA-14c  ; Windows Vista ; 6.2        ; x86_64         ;
; Assembler               ; Lenovo-YOGA-14c  ; Windows Vista ; 6.2        ; x86_64         ;
; Classic Timing Analyzer ; Lenovo-YOGA-14c  ; Windows Vista ; 6.2        ; x86_64         ;
+-------------------------+------------------+---------------+------------+----------------+


------------
; Flow Log ;
------------
quartus_map --read_settings_files=on --write_settings_files=off HardwareBigHomework -c HardwareBigHomework
quartus_fit --read_settings_files=off --write_settings_files=off HardwareBigHomework -c HardwareBigHomework
quartus_asm --read_settings_files=off --write_settings_files=off HardwareBigHomework -c HardwareBigHomework
quartus_tan --read_settings_files=off --write_settings_files=off HardwareBigHomework -c HardwareBigHomework



