Classic Timing Analyzer report for Experiment71
Wed Nov 11 17:37:11 2020
Quartus II Version 9.0 Build 235 06/17/2009 Service Pack 2 SJ Web Edition


---------------------
; Table of Contents ;
---------------------
  1. Legal Notice
  2. Timing Analyzer Summary
  3. Timing Analyzer Settings
  4. Clock Settings Summary
  5. Parallel Compilation
  6. Clock Setup: 'CP'
  7. tco
  8. Timing Analyzer Messages



----------------
; Legal Notice ;
----------------
Copyright (C) 1991-2009 Altera Corporation
Your use of Altera Corporation's design tools, logic functions 
and other software and tools, and its AMPP partner logic 
functions, and any output files from any of the foregoing 
(including device programming or simulation files), and any 
associated documentation or information are expressly subject 
to the terms and conditions of the Altera Program License 
Subscription Agreement, Altera MegaCore Function License 
Agreement, or other applicable license agreement, including, 
without limitation, that your use is for the sole purpose of 
programming logic devices manufactured by Altera and sold by 
Altera or its authorized distributors.  Please refer to the 
applicable agreement for further details.



+--------------------------------------------------------------------------------------------------------------------------------------------------------------+
; Timing Analyzer Summary                                                                                                                                      ;
+------------------------------+-------+---------------+----------------------------------+--------------+--------------+------------+----------+--------------+
; Type                         ; Slack ; Required Time ; Actual Time                      ; From         ; To           ; From Clock ; To Clock ; Failed Paths ;
+------------------------------+-------+---------------+----------------------------------+--------------+--------------+------------+----------+--------------+
; Worst-case tco               ; N/A   ; None          ; 15.900 ns                        ; 74160:inst|6 ; Q7           ; CP         ; --       ; 0            ;
; Clock Setup: 'CP'            ; N/A   ; None          ; 196.08 MHz ( period = 5.100 ns ) ; 74160:inst|8 ; 74160:inst|9 ; CP         ; CP       ; 0            ;
; Total number of failed paths ;       ;               ;                                  ;              ;              ;            ;          ; 0            ;
+------------------------------+-------+---------------+----------------------------------+--------------+--------------+------------+----------+--------------+


+--------------------------------------------------------------------------------------------------------------------+
; Timing Analyzer Settings                                                                                           ;
+---------------------------------------------------------------------+--------------------+------+----+-------------+
; Option                                                              ; Setting            ; From ; To ; Entity Name ;
+---------------------------------------------------------------------+--------------------+------+----+-------------+
; Device Name                                                         ; EP1K30TC144-3      ;      ;    ;             ;
; Timing Models                                                       ; Final              ;      ;    ;             ;
; Default hold multicycle                                             ; Same as Multicycle ;      ;    ;             ;
; Cut paths between unrelated clock domains                           ; On                 ;      ;    ;             ;
; Cut off read during write signal paths                              ; On                 ;      ;    ;             ;
; Cut off feedback from I/O pins                                      ; On                 ;      ;    ;             ;
; Report Combined Fast/Slow Timing                                    ; Off                ;      ;    ;             ;
; Ignore Clock Settings                                               ; Off                ;      ;    ;             ;
; Analyze latches as synchronous elements                             ; On                 ;      ;    ;             ;
; Enable Recovery/Removal analysis                                    ; Off                ;      ;    ;             ;
; Enable Clock Latency                                                ; Off                ;      ;    ;             ;
; Use TimeQuest Timing Analyzer                                       ; Off                ;      ;    ;             ;
; Minimum Core Junction Temperature                                   ; 0                  ;      ;    ;             ;
; Maximum Core Junction Temperature                                   ; 85                 ;      ;    ;             ;
; Number of source nodes to report per destination node               ; 10                 ;      ;    ;             ;
; Number of destination nodes to report                               ; 10                 ;      ;    ;             ;
; Number of paths to report                                           ; 200                ;      ;    ;             ;
; Report Minimum Timing Checks                                        ; Off                ;      ;    ;             ;
; Use Fast Timing Models                                              ; Off                ;      ;    ;             ;
; Report IO Paths Separately                                          ; Off                ;      ;    ;             ;
; Perform Multicorner Analysis                                        ; Off                ;      ;    ;             ;
; Reports the worst-case path for each clock domain and analysis      ; Off                ;      ;    ;             ;
; Removes common clock path pessimism (CCPP) during slack computation ; Off                ;      ;    ;             ;
; Output I/O Timing Endpoint                                          ; Near End           ;      ;    ;             ;
+---------------------------------------------------------------------+--------------------+------+----+-------------+


+------------------------------------------------------------------------------------------------------------------------------------------------------------------------------------+
; Clock Settings Summary                                                                                                                                                             ;
+-----------------+--------------------+----------+------------------+---------------+--------------+----------+-----------------------+---------------------+--------+--------------+
; Clock Node Name ; Clock Setting Name ; Type     ; Fmax Requirement ; Early Latency ; Late Latency ; Based on ; Multiply Base Fmax by ; Divide Base Fmax by ; Offset ; Phase offset ;
+-----------------+--------------------+----------+------------------+---------------+--------------+----------+-----------------------+---------------------+--------+--------------+
; CP              ;                    ; User Pin ; None             ; 0.000 ns      ; 0.000 ns     ; --       ; N/A                   ; N/A                 ; N/A    ;              ;
+-----------------+--------------------+----------+------------------+---------------+--------------+----------+-----------------------+---------------------+--------+--------------+


Parallel compilation was disabled, but you have multiple processors available. Enable parallel compilation to reduce compilation time.
+-------------------------------------+
; Parallel Compilation                ;
+----------------------------+--------+
; Processors                 ; Number ;
+----------------------------+--------+
; Number detected on machine ; 6      ;
; Maximum allowed            ; 1      ;
+----------------------------+--------+


+----------------------------------------------------------------------------------------------------------------------------------------------------------------------------------------------------+
; Clock Setup: 'CP'                                                                                                                                                                                  ;
+-------+------------------------------------------------+---------------+---------------+------------+----------+-----------------------------+---------------------------+-------------------------+
; Slack ; Actual fmax (period)                           ; From          ; To            ; From Clock ; To Clock ; Required Setup Relationship ; Required Longest P2P Time ; Actual Longest P2P Time ;
+-------+------------------------------------------------+---------------+---------------+------------+----------+-----------------------------+---------------------------+-------------------------+
; N/A   ; 196.08 MHz ( period = 5.100 ns )               ; 74160:inst|8  ; 74160:inst|9  ; CP         ; CP       ; None                        ; None                      ; 4.000 ns                ;
; N/A   ; 200.00 MHz ( period = 5.000 ns )               ; 74160:inst|7  ; 74160:inst|9  ; CP         ; CP       ; None                        ; None                      ; 3.900 ns                ;
; N/A   ; Restricted to 200.00 MHz ( period = 5.000 ns ) ; 74160:inst|6  ; 74160:inst|7  ; CP         ; CP       ; None                        ; None                      ; 2.300 ns                ;
; N/A   ; Restricted to 200.00 MHz ( period = 5.000 ns ) ; 74160:inst|6  ; 74160:inst1|6 ; CP         ; CP       ; None                        ; None                      ; 2.200 ns                ;
; N/A   ; Restricted to 200.00 MHz ( period = 5.000 ns ) ; 74160:inst|9  ; 74160:inst|7  ; CP         ; CP       ; None                        ; None                      ; 2.200 ns                ;
; N/A   ; Restricted to 200.00 MHz ( period = 5.000 ns ) ; 74160:inst1|6 ; 74160:inst|7  ; CP         ; CP       ; None                        ; None                      ; 2.300 ns                ;
; N/A   ; Restricted to 200.00 MHz ( period = 5.000 ns ) ; 74160:inst1|6 ; 74160:inst|9  ; CP         ; CP       ; None                        ; None                      ; 2.300 ns                ;
; N/A   ; Restricted to 200.00 MHz ( period = 5.000 ns ) ; 74160:inst|7  ; 74160:inst|8  ; CP         ; CP       ; None                        ; None                      ; 2.200 ns                ;
; N/A   ; Restricted to 200.00 MHz ( period = 5.000 ns ) ; 74160:inst|6  ; 74160:inst|9  ; CP         ; CP       ; None                        ; None                      ; 2.100 ns                ;
; N/A   ; Restricted to 200.00 MHz ( period = 5.000 ns ) ; 74160:inst1|6 ; 74160:inst|8  ; CP         ; CP       ; None                        ; None                      ; 2.200 ns                ;
; N/A   ; Restricted to 200.00 MHz ( period = 5.000 ns ) ; 74160:inst|9  ; 74160:inst1|6 ; CP         ; CP       ; None                        ; None                      ; 1.900 ns                ;
; N/A   ; Restricted to 200.00 MHz ( period = 5.000 ns ) ; 74160:inst|8  ; 74160:inst|8  ; CP         ; CP       ; None                        ; None                      ; 1.400 ns                ;
; N/A   ; Restricted to 200.00 MHz ( period = 5.000 ns ) ; 74160:inst1|6 ; 74160:inst1|6 ; CP         ; CP       ; None                        ; None                      ; 1.300 ns                ;
; N/A   ; Restricted to 200.00 MHz ( period = 5.000 ns ) ; 74160:inst|6  ; 74160:inst|6  ; CP         ; CP       ; None                        ; None                      ; 1.100 ns                ;
; N/A   ; Restricted to 200.00 MHz ( period = 5.000 ns ) ; 74160:inst|7  ; 74160:inst|7  ; CP         ; CP       ; None                        ; None                      ; 1.100 ns                ;
; N/A   ; Restricted to 200.00 MHz ( period = 5.000 ns ) ; 74160:inst|9  ; 74160:inst|9  ; CP         ; CP       ; None                        ; None                      ; 1.100 ns                ;
; N/A   ; Restricted to 200.00 MHz ( period = 5.000 ns ) ; 74160:inst|6  ; 74160:inst|8  ; CP         ; CP       ; None                        ; None                      ; 1.100 ns                ;
+-------+------------------------------------------------+---------------+---------------+------------+----------+-----------------------------+---------------------------+-------------------------+


+---------------------------------------------------------------------+
; tco                                                                 ;
+-------+--------------+------------+---------------+----+------------+
; Slack ; Required tco ; Actual tco ; From          ; To ; From Clock ;
+-------+--------------+------------+---------------+----+------------+
; N/A   ; None         ; 15.900 ns  ; 74160:inst|6  ; Q7 ; CP         ;
; N/A   ; None         ; 14.600 ns  ; 74160:inst|9  ; Q4 ; CP         ;
; N/A   ; None         ; 14.600 ns  ; 74160:inst|8  ; Q5 ; CP         ;
; N/A   ; None         ; 14.600 ns  ; 74160:inst|7  ; Q6 ; CP         ;
; N/A   ; None         ; 14.500 ns  ; 74160:inst1|6 ; Q3 ; CP         ;
+-------+--------------+------------+---------------+----+------------+


+--------------------------+
; Timing Analyzer Messages ;
+--------------------------+
Info: *******************************************************************
Info: Running Quartus II Classic Timing Analyzer
    Info: Version 9.0 Build 235 06/17/2009 Service Pack 2 SJ Web Edition
    Info: Processing started: Wed Nov 11 17:37:11 2020
Info: Command: quartus_tan --read_settings_files=off --write_settings_files=off Experiment71 -c Experiment71
Info: Started post-fitting delay annotation
Info: Delay annotation completed successfully
Warning: Found pins functioning as undefined clocks and/or memory enables
    Info: Assuming node "CP" is an undefined clock
Info: Clock "CP" has Internal fmax of 196.08 MHz between source register "74160:inst|8" and destination register "74160:inst|9" (period= 5.1 ns)
    Info: + Longest register to register delay is 4.000 ns
        Info: 1: + IC(0.000 ns) + CELL(0.000 ns) = 0.000 ns; Loc. = LC2_A24; Fanout = 3; REG Node = '74160:inst|8'
        Info: 2: + IC(1.100 ns) + CELL(1.600 ns) = 2.700 ns; Loc. = LC1_A25; Fanout = 1; COMB Node = '74160:inst|46~0'
        Info: 3: + IC(0.300 ns) + CELL(1.000 ns) = 4.000 ns; Loc. = LC2_A25; Fanout = 4; REG Node = '74160:inst|9'
        Info: Total cell delay = 2.600 ns ( 65.00 % )
        Info: Total interconnect delay = 1.400 ns ( 35.00 % )
    Info: - Smallest clock skew is 0.000 ns
        Info: + Shortest clock path from clock "CP" to destination register is 7.100 ns
            Info: 1: + IC(0.000 ns) + CELL(4.900 ns) = 4.900 ns; Loc. = PIN_138; Fanout = 5; CLK Node = 'CP'
            Info: 2: + IC(2.200 ns) + CELL(0.000 ns) = 7.100 ns; Loc. = LC2_A25; Fanout = 4; REG Node = '74160:inst|9'
            Info: Total cell delay = 4.900 ns ( 69.01 % )
            Info: Total interconnect delay = 2.200 ns ( 30.99 % )
        Info: - Longest clock path from clock "CP" to source register is 7.100 ns
            Info: 1: + IC(0.000 ns) + CELL(4.900 ns) = 4.900 ns; Loc. = PIN_138; Fanout = 5; CLK Node = 'CP'
            Info: 2: + IC(2.200 ns) + CELL(0.000 ns) = 7.100 ns; Loc. = LC2_A24; Fanout = 3; REG Node = '74160:inst|8'
            Info: Total cell delay = 4.900 ns ( 69.01 % )
            Info: Total interconnect delay = 2.200 ns ( 30.99 % )
    Info: + Micro clock to output delay of source is 0.500 ns
    Info: + Micro setup delay of destination is 0.600 ns
Info: tco from clock "CP" to destination pin "Q7" through register "74160:inst|6" is 15.900 ns
    Info: + Longest clock path from clock "CP" to source register is 7.100 ns
        Info: 1: + IC(0.000 ns) + CELL(4.900 ns) = 4.900 ns; Loc. = PIN_138; Fanout = 5; CLK Node = 'CP'
        Info: 2: + IC(2.200 ns) + CELL(0.000 ns) = 7.100 ns; Loc. = LC3_A24; Fanout = 6; REG Node = '74160:inst|6'
        Info: Total cell delay = 4.900 ns ( 69.01 % )
        Info: Total interconnect delay = 2.200 ns ( 30.99 % )
    Info: + Micro clock to output delay of source is 0.500 ns
    Info: + Longest register to pin delay is 8.300 ns
        Info: 1: + IC(0.000 ns) + CELL(0.000 ns) = 0.000 ns; Loc. = LC3_A24; Fanout = 6; REG Node = '74160:inst|6'
        Info: 2: + IC(2.000 ns) + CELL(6.300 ns) = 8.300 ns; Loc. = PIN_9; Fanout = 0; PIN Node = 'Q7'
        Info: Total cell delay = 6.300 ns ( 75.90 % )
        Info: Total interconnect delay = 2.000 ns ( 24.10 % )
Info: Quartus II Classic Timing Analyzer was successful. 0 errors, 1 warning
    Info: Peak virtual memory: 210 megabytes
    Info: Processing ended: Wed Nov 11 17:37:11 2020
    Info: Elapsed time: 00:00:00
    Info: Total CPU time (on all processors): 00:00:00


