Classic Timing Analyzer report for Experiment72
Wed Nov 11 17:41:28 2020
Quartus II Version 9.0 Build 235 06/17/2009 Service Pack 2 SJ Web Edition


---------------------
; Table of Contents ;
---------------------
  1. Legal Notice
  2. Timing Analyzer Summary
  3. Timing Analyzer Settings
  4. Clock Settings Summary
  5. Parallel Compilation
  6. Clock Setup: 'CP'
  7. tco
  8. tpd
  9. Timing Analyzer Messages



----------------
; Legal Notice ;
----------------
Copyright (C) 1991-2009 Altera Corporation
Your use of Altera Corporation's design tools, logic functions 
and other software and tools, and its AMPP partner logic 
functions, and any output files from any of the foregoing 
(including device programming or simulation files), and any 
associated documentation or information are expressly subject 
to the terms and conditions of the Altera Program License 
Subscription Agreement, Altera MegaCore Function License 
Agreement, or other applicable license agreement, including, 
without limitation, that your use is for the sole purpose of 
programming logic devices manufactured by Altera and sold by 
Altera or its authorized distributors.  Please refer to the 
applicable agreement for further details.



+---------------------------------------------------------------------------------------------------------------------------------------------------------------------------------------------------+
; Timing Analyzer Summary                                                                                                                                                                           ;
+------------------------------+-------+---------------+------------------------------------------------+-------------------------+--------------------------+------------+----------+--------------+
; Type                         ; Slack ; Required Time ; Actual Time                                    ; From                    ; To                       ; From Clock ; To Clock ; Failed Paths ;
+------------------------------+-------+---------------+------------------------------------------------+-------------------------+--------------------------+------------+----------+--------------+
; Worst-case tco               ; N/A   ; None          ; 20.000 ns                                      ; 74161:inst|f74161:sub|9 ; Z                        ; CP         ; --       ; 0            ;
; Worst-case tpd               ; N/A   ; None          ; 20.000 ns                                      ; D7                      ; Z                        ; --         ; --       ; 0            ;
; Clock Setup: 'CP'            ; N/A   ; None          ; Restricted to 200.00 MHz ( period = 5.000 ns ) ; 74161:inst|f74161:sub|9 ; 74161:inst|f74161:sub|99 ; CP         ; CP       ; 0            ;
; Total number of failed paths ;       ;               ;                                                ;                         ;                          ;            ;          ; 0            ;
+------------------------------+-------+---------------+------------------------------------------------+-------------------------+--------------------------+------------+----------+--------------+


+--------------------------------------------------------------------------------------------------------------------+
; Timing Analyzer Settings                                                                                           ;
+---------------------------------------------------------------------+--------------------+------+----+-------------+
; Option                                                              ; Setting            ; From ; To ; Entity Name ;
+---------------------------------------------------------------------+--------------------+------+----+-------------+
; Device Name                                                         ; EP1K30TC144-3      ;      ;    ;             ;
; Timing Models                                                       ; Final              ;      ;    ;             ;
; Default hold multicycle                                             ; Same as Multicycle ;      ;    ;             ;
; Cut paths between unrelated clock domains                           ; On                 ;      ;    ;             ;
; Cut off read during write signal paths                              ; On                 ;      ;    ;             ;
; Cut off feedback from I/O pins                                      ; On                 ;      ;    ;             ;
; Report Combined Fast/Slow Timing                                    ; Off                ;      ;    ;             ;
; Ignore Clock Settings                                               ; Off                ;      ;    ;             ;
; Analyze latches as synchronous elements                             ; On                 ;      ;    ;             ;
; Enable Recovery/Removal analysis                                    ; Off                ;      ;    ;             ;
; Enable Clock Latency                                                ; Off                ;      ;    ;             ;
; Use TimeQuest Timing Analyzer                                       ; Off                ;      ;    ;             ;
; Minimum Core Junction Temperature                                   ; 0                  ;      ;    ;             ;
; Maximum Core Junction Temperature                                   ; 85                 ;      ;    ;             ;
; Number of source nodes to report per destination node               ; 10                 ;      ;    ;             ;
; Number of destination nodes to report                               ; 10                 ;      ;    ;             ;
; Number of paths to report                                           ; 200                ;      ;    ;             ;
; Report Minimum Timing Checks                                        ; Off                ;      ;    ;             ;
; Use Fast Timing Models                                              ; Off                ;      ;    ;             ;
; Report IO Paths Separately                                          ; Off                ;      ;    ;             ;
; Perform Multicorner Analysis                                        ; Off                ;      ;    ;             ;
; Reports the worst-case path for each clock domain and analysis      ; Off                ;      ;    ;             ;
; Removes common clock path pessimism (CCPP) during slack computation ; Off                ;      ;    ;             ;
; Output I/O Timing Endpoint                                          ; Near End           ;      ;    ;             ;
+---------------------------------------------------------------------+--------------------+------+----+-------------+


+------------------------------------------------------------------------------------------------------------------------------------------------------------------------------------+
; Clock Settings Summary                                                                                                                                                             ;
+-----------------+--------------------+----------+------------------+---------------+--------------+----------+-----------------------+---------------------+--------+--------------+
; Clock Node Name ; Clock Setting Name ; Type     ; Fmax Requirement ; Early Latency ; Late Latency ; Based on ; Multiply Base Fmax by ; Divide Base Fmax by ; Offset ; Phase offset ;
+-----------------+--------------------+----------+------------------+---------------+--------------+----------+-----------------------+---------------------+--------+--------------+
; CP              ;                    ; User Pin ; None             ; 0.000 ns      ; 0.000 ns     ; --       ; N/A                   ; N/A                 ; N/A    ;              ;
+-----------------+--------------------+----------+------------------+---------------+--------------+----------+-----------------------+---------------------+--------+--------------+


Parallel compilation was disabled, but you have multiple processors available. Enable parallel compilation to reduce compilation time.
+-------------------------------------+
; Parallel Compilation                ;
+----------------------------+--------+
; Processors                 ; Number ;
+----------------------------+--------+
; Number detected on machine ; 6      ;
; Maximum allowed            ; 1      ;
+----------------------------+--------+


+--------------------------------------------------------------------------------------------------------------------------------------------------------------------------------------------------------------------------+
; Clock Setup: 'CP'                                                                                                                                                                                                        ;
+-------+------------------------------------------------+--------------------------+--------------------------+------------+----------+-----------------------------+---------------------------+-------------------------+
; Slack ; Actual fmax (period)                           ; From                     ; To                       ; From Clock ; To Clock ; Required Setup Relationship ; Required Longest P2P Time ; Actual Longest P2P Time ;
+-------+------------------------------------------------+--------------------------+--------------------------+------------+----------+-----------------------------+---------------------------+-------------------------+
; N/A   ; Restricted to 200.00 MHz ( period = 5.000 ns ) ; 74161:inst|f74161:sub|9  ; 74161:inst|f74161:sub|99 ; CP         ; CP       ; None                        ; None                      ; 2.000 ns                ;
; N/A   ; Restricted to 200.00 MHz ( period = 5.000 ns ) ; 74161:inst|f74161:sub|9  ; 74161:inst|f74161:sub|87 ; CP         ; CP       ; None                        ; None                      ; 1.800 ns                ;
; N/A   ; Restricted to 200.00 MHz ( period = 5.000 ns ) ; 74161:inst|f74161:sub|9  ; 74161:inst|f74161:sub|9  ; CP         ; CP       ; None                        ; None                      ; 1.300 ns                ;
; N/A   ; Restricted to 200.00 MHz ( period = 5.000 ns ) ; 74161:inst|f74161:sub|99 ; 74161:inst|f74161:sub|99 ; CP         ; CP       ; None                        ; None                      ; 1.100 ns                ;
; N/A   ; Restricted to 200.00 MHz ( period = 5.000 ns ) ; 74161:inst|f74161:sub|87 ; 74161:inst|f74161:sub|99 ; CP         ; CP       ; None                        ; None                      ; 1.000 ns                ;
; N/A   ; Restricted to 200.00 MHz ( period = 5.000 ns ) ; 74161:inst|f74161:sub|87 ; 74161:inst|f74161:sub|87 ; CP         ; CP       ; None                        ; None                      ; 1.000 ns                ;
+-------+------------------------------------------------+--------------------------+--------------------------+------------+----------+-----------------------------+---------------------------+-------------------------+


+--------------------------------------------------------------------------------+
; tco                                                                            ;
+-------+--------------+------------+--------------------------+----+------------+
; Slack ; Required tco ; Actual tco ; From                     ; To ; From Clock ;
+-------+--------------+------------+--------------------------+----+------------+
; N/A   ; None         ; 20.000 ns  ; 74161:inst|f74161:sub|9  ; Z  ; CP         ;
; N/A   ; None         ; 19.900 ns  ; 74161:inst|f74161:sub|87 ; Z  ; CP         ;
; N/A   ; None         ; 17.100 ns  ; 74161:inst|f74161:sub|99 ; Z  ; CP         ;
+-------+--------------+------------+--------------------------+----+------------+


+---------------------------------------------------------+
; tpd                                                     ;
+-------+-------------------+-----------------+------+----+
; Slack ; Required P2P Time ; Actual P2P Time ; From ; To ;
+-------+-------------------+-----------------+------+----+
; N/A   ; None              ; 20.000 ns       ; D7   ; Z  ;
; N/A   ; None              ; 19.300 ns       ; D1   ; Z  ;
; N/A   ; None              ; 19.000 ns       ; D0   ; Z  ;
; N/A   ; None              ; 19.000 ns       ; D6   ; Z  ;
; N/A   ; None              ; 18.200 ns       ; D3   ; Z  ;
; N/A   ; None              ; 18.200 ns       ; D2   ; Z  ;
; N/A   ; None              ; 18.100 ns       ; D5   ; Z  ;
; N/A   ; None              ; 18.000 ns       ; D4   ; Z  ;
+-------+-------------------+-----------------+------+----+


+--------------------------+
; Timing Analyzer Messages ;
+--------------------------+
Info: *******************************************************************
Info: Running Quartus II Classic Timing Analyzer
    Info: Version 9.0 Build 235 06/17/2009 Service Pack 2 SJ Web Edition
    Info: Processing started: Wed Nov 11 17:41:27 2020
Info: Command: quartus_tan --read_settings_files=off --write_settings_files=off Experiment72 -c Experiment72
Info: Started post-fitting delay annotation
Info: Delay annotation completed successfully
Warning: Found pins functioning as undefined clocks and/or memory enables
    Info: Assuming node "CP" is an undefined clock
Info: Clock "CP" Internal fmax is restricted to 200.0 MHz between source register "74161:inst|f74161:sub|9" and destination register "74161:inst|f74161:sub|99"
    Info: fmax restricted to Clock High delay (2.5 ns) plus Clock Low delay (2.5 ns) : restricted to 5.0 ns. Expand message to see actual delay path.
        Info: + Longest register to register delay is 2.000 ns
            Info: 1: + IC(0.000 ns) + CELL(0.000 ns) = 0.000 ns; Loc. = LC1_C28; Fanout = 6; REG Node = '74161:inst|f74161:sub|9'
            Info: 2: + IC(0.300 ns) + CELL(0.700 ns) = 1.000 ns; Loc. = LC1_C28; Fanout = 2; COMB Node = '74161:inst|f74161:sub|81'
            Info: 3: + IC(0.000 ns) + CELL(0.200 ns) = 1.200 ns; Loc. = LC2_C28; Fanout = 1; COMB Node = '74161:inst|f74161:sub|85'
            Info: 4: + IC(0.000 ns) + CELL(0.800 ns) = 2.000 ns; Loc. = LC3_C28; Fanout = 2; REG Node = '74161:inst|f74161:sub|99'
            Info: Total cell delay = 1.700 ns ( 85.00 % )
            Info: Total interconnect delay = 0.300 ns ( 15.00 % )
        Info: - Smallest clock skew is 0.000 ns
            Info: + Shortest clock path from clock "CP" to destination register is 7.100 ns
                Info: 1: + IC(0.000 ns) + CELL(4.900 ns) = 4.900 ns; Loc. = PIN_138; Fanout = 3; CLK Node = 'CP'
                Info: 2: + IC(2.200 ns) + CELL(0.000 ns) = 7.100 ns; Loc. = LC3_C28; Fanout = 2; REG Node = '74161:inst|f74161:sub|99'
                Info: Total cell delay = 4.900 ns ( 69.01 % )
                Info: Total interconnect delay = 2.200 ns ( 30.99 % )
            Info: - Longest clock path from clock "CP" to source register is 7.100 ns
                Info: 1: + IC(0.000 ns) + CELL(4.900 ns) = 4.900 ns; Loc. = PIN_138; Fanout = 3; CLK Node = 'CP'
                Info: 2: + IC(2.200 ns) + CELL(0.000 ns) = 7.100 ns; Loc. = LC1_C28; Fanout = 6; REG Node = '74161:inst|f74161:sub|9'
                Info: Total cell delay = 4.900 ns ( 69.01 % )
                Info: Total interconnect delay = 2.200 ns ( 30.99 % )
        Info: + Micro clock to output delay of source is 0.500 ns
        Info: + Micro setup delay of destination is 0.600 ns
Info: tco from clock "CP" to destination pin "Z" through register "74161:inst|f74161:sub|9" is 20.000 ns
    Info: + Longest clock path from clock "CP" to source register is 7.100 ns
        Info: 1: + IC(0.000 ns) + CELL(4.900 ns) = 4.900 ns; Loc. = PIN_138; Fanout = 3; CLK Node = 'CP'
        Info: 2: + IC(2.200 ns) + CELL(0.000 ns) = 7.100 ns; Loc. = LC1_C28; Fanout = 6; REG Node = '74161:inst|f74161:sub|9'
        Info: Total cell delay = 4.900 ns ( 69.01 % )
        Info: Total interconnect delay = 2.200 ns ( 30.99 % )
    Info: + Micro clock to output delay of source is 0.500 ns
    Info: + Longest register to pin delay is 12.400 ns
        Info: 1: + IC(0.000 ns) + CELL(0.000 ns) = 0.000 ns; Loc. = LC1_C28; Fanout = 6; REG Node = '74161:inst|f74161:sub|9'
        Info: 2: + IC(0.300 ns) + CELL(1.000 ns) = 1.300 ns; Loc. = LC4_C28; Fanout = 1; COMB Node = '74151:inst1|f74151:sub|71~2'
        Info: 3: + IC(0.000 ns) + CELL(1.600 ns) = 2.900 ns; Loc. = LC5_C28; Fanout = 1; COMB Node = '74151:inst1|f74151:sub|78~1'
        Info: 4: + IC(0.300 ns) + CELL(1.600 ns) = 4.800 ns; Loc. = LC6_C28; Fanout = 1; COMB Node = '74151:inst1|f74151:sub|81~0'
        Info: 5: + IC(1.300 ns) + CELL(6.300 ns) = 12.400 ns; Loc. = PIN_17; Fanout = 0; PIN Node = 'Z'
        Info: Total cell delay = 10.500 ns ( 84.68 % )
        Info: Total interconnect delay = 1.900 ns ( 15.32 % )
Info: Longest tpd from source pin "D7" to destination pin "Z" is 20.000 ns
    Info: 1: + IC(0.000 ns) + CELL(4.900 ns) = 4.900 ns; Loc. = PIN_9; Fanout = 1; PIN Node = 'D7'
    Info: 2: + IC(3.200 ns) + CELL(1.000 ns) = 9.100 ns; Loc. = LC7_C28; Fanout = 1; COMB Node = '74151:inst1|f74151:sub|74~2'
    Info: 3: + IC(0.000 ns) + CELL(1.600 ns) = 10.700 ns; Loc. = LC8_C28; Fanout = 1; COMB Node = '74151:inst1|f74151:sub|77~1'
    Info: 4: + IC(0.300 ns) + CELL(1.400 ns) = 12.400 ns; Loc. = LC6_C28; Fanout = 1; COMB Node = '74151:inst1|f74151:sub|81~0'
    Info: 5: + IC(1.300 ns) + CELL(6.300 ns) = 20.000 ns; Loc. = PIN_17; Fanout = 0; PIN Node = 'Z'
    Info: Total cell delay = 15.200 ns ( 76.00 % )
    Info: Total interconnect delay = 4.800 ns ( 24.00 % )
Info: Quartus II Classic Timing Analyzer was successful. 0 errors, 1 warning
    Info: Peak virtual memory: 210 megabytes
    Info: Processing ended: Wed Nov 11 17:41:28 2020
    Info: Elapsed time: 00:00:01
    Info: Total CPU time (on all processors): 00:00:00


