Analysis & Synthesis report for BuildRom
Mon May 24 21:28:03 2021
Quartus II Version 9.0 Build 235 06/17/2009 Service Pack 2 SJ Web Edition


---------------------
; Table of Contents ;
---------------------
  1. Legal Notice
  2. Analysis & Synthesis Summary
  3. Analysis & Synthesis Settings
  4. Analysis & Synthesis Messages



----------------
; Legal Notice ;
----------------
Copyright (C) 1991-2009 Altera Corporation
Your use of Altera Corporation's design tools, logic functions 
and other software and tools, and its AMPP partner logic 
functions, and any output files from any of the foregoing 
(including device programming or simulation files), and any 
associated documentation or information are expressly subject 
to the terms and conditions of the Altera Program License 
Subscription Agreement, Altera MegaCore Function License 
Agreement, or other applicable license agreement, including, 
without limitation, that your use is for the sole purpose of 
programming logic devices manufactured by Altera and sold by 
Altera or its authorized distributors.  Please refer to the 
applicable agreement for further details.



+------------------------------------------------------------------------------+
; Analysis & Synthesis Summary                                                 ;
+-------------------------------+----------------------------------------------+
; Analysis & Synthesis Status   ; Failed - Mon May 24 21:28:03 2021            ;
; Quartus II Version            ; 9.0 Build 235 06/17/2009 SP 2 SJ Web Edition ;
; Revision Name                 ; BuildRom                                     ;
; Top-level Entity Name         ; BuildRom                                     ;
; Family                        ; Stratix II                                   ;
; Logic utilization             ; N/A until Partition Merge                    ;
;     Combinational ALUTs       ; N/A until Partition Merge                    ;
;     Dedicated logic registers ; N/A until Partition Merge                    ;
; Total registers               ; N/A until Partition Merge                    ;
; Total pins                    ; N/A until Partition Merge                    ;
; Total virtual pins            ; N/A until Partition Merge                    ;
; Total block memory bits       ; N/A until Partition Merge                    ;
; DSP block 9-bit elements      ; N/A until Partition Merge                    ;
; Total PLLs                    ; N/A until Partition Merge                    ;
; Total DLLs                    ; N/A until Partition Merge                    ;
+-------------------------------+----------------------------------------------+


+--------------------------------------------------------------------------------------------------------+
; Analysis & Synthesis Settings                                                                          ;
+--------------------------------------------------------------+--------------------+--------------------+
; Option                                                       ; Setting            ; Default Value      ;
+--------------------------------------------------------------+--------------------+--------------------+
; Top-level entity name                                        ; BuildRom           ; BuildRom           ;
; Family name                                                  ; Stratix II         ; Stratix II         ;
; Use Generated Physical Constraints File                      ; Off                ;                    ;
; Use smart compilation                                        ; Off                ; Off                ;
; Restructure Multiplexers                                     ; Auto               ; Auto               ;
; Create Debugging Nodes for IP Cores                          ; Off                ; Off                ;
; Preserve fewer node names                                    ; On                 ; On                 ;
; Disable OpenCore Plus hardware evaluation                    ; Off                ; Off                ;
; Verilog Version                                              ; Verilog_2001       ; Verilog_2001       ;
; VHDL Version                                                 ; VHDL93             ; VHDL93             ;
; State Machine Processing                                     ; Auto               ; Auto               ;
; Safe State Machine                                           ; Off                ; Off                ;
; Extract Verilog State Machines                               ; On                 ; On                 ;
; Extract VHDL State Machines                                  ; On                 ; On                 ;
; Ignore Verilog initial constructs                            ; Off                ; Off                ;
; Iteration limit for constant Verilog loops                   ; 5000               ; 5000               ;
; Iteration limit for non-constant Verilog loops               ; 250                ; 250                ;
; Add Pass-Through Logic to Inferred RAMs                      ; On                 ; On                 ;
; Parallel Synthesis                                           ; Off                ; Off                ;
; DSP Block Balancing                                          ; Auto               ; Auto               ;
; NOT Gate Push-Back                                           ; On                 ; On                 ;
; Power-Up Don't Care                                          ; On                 ; On                 ;
; Remove Redundant Logic Cells                                 ; Off                ; Off                ;
; Remove Duplicate Registers                                   ; On                 ; On                 ;
; Ignore CARRY Buffers                                         ; Off                ; Off                ;
; Ignore CASCADE Buffers                                       ; Off                ; Off                ;
; Ignore GLOBAL Buffers                                        ; Off                ; Off                ;
; Ignore ROW GLOBAL Buffers                                    ; Off                ; Off                ;
; Ignore LCELL Buffers                                         ; Off                ; Off                ;
; Ignore SOFT Buffers                                          ; On                 ; On                 ;
; Limit AHDL Integers to 32 Bits                               ; Off                ; Off                ;
; Optimization Technique                                       ; Balanced           ; Balanced           ;
; Carry Chain Length                                           ; 70                 ; 70                 ;
; Auto Carry Chains                                            ; On                 ; On                 ;
; Auto Open-Drain Pins                                         ; On                 ; On                 ;
; Perform WYSIWYG Primitive Resynthesis                        ; Off                ; Off                ;
; Auto ROM Replacement                                         ; On                 ; On                 ;
; Auto RAM Replacement                                         ; On                 ; On                 ;
; Auto DSP Block Replacement                                   ; On                 ; On                 ;
; Auto Shift Register Replacement                              ; Auto               ; Auto               ;
; Auto Clock Enable Replacement                                ; On                 ; On                 ;
; Strict RAM Replacement                                       ; Off                ; Off                ;
; Allow Synchronous Control Signals                            ; On                 ; On                 ;
; Force Use of Synchronous Clear Signals                       ; Off                ; Off                ;
; Auto RAM Block Balancing                                     ; On                 ; On                 ;
; Auto RAM to Logic Cell Conversion                            ; Off                ; Off                ;
; Auto Resource Sharing                                        ; Off                ; Off                ;
; Allow Any RAM Size For Recognition                           ; Off                ; Off                ;
; Allow Any ROM Size For Recognition                           ; Off                ; Off                ;
; Allow Any Shift Register Size For Recognition                ; Off                ; Off                ;
; Use LogicLock Constraints during Resource Balancing          ; On                 ; On                 ;
; Ignore translate_off and synthesis_off directives            ; Off                ; Off                ;
; Timing-Driven Synthesis                                      ; Off                ; Off                ;
; Show Parameter Settings Tables in Synthesis Report           ; On                 ; On                 ;
; Ignore Maximum Fan-Out Assignments                           ; Off                ; Off                ;
; Synchronization Register Chain Length                        ; 2                  ; 2                  ;
; PowerPlay Power Optimization                                 ; Normal compilation ; Normal compilation ;
; HDL message level                                            ; Level2             ; Level2             ;
; Suppress Register Optimization Related Messages              ; Off                ; Off                ;
; Number of Removed Registers Reported in Synthesis Report     ; 100                ; 100                ;
; Number of Inverted Registers Reported in Synthesis Report    ; 100                ; 100                ;
; Clock MUX Protection                                         ; On                 ; On                 ;
; Auto Gated Clock Conversion                                  ; Off                ; Off                ;
; Block Design Naming                                          ; Auto               ; Auto               ;
; SDC constraint protection                                    ; Off                ; Off                ;
; Synthesis Effort                                             ; Auto               ; Auto               ;
; Shift Register Replacement - Allow Asynchronous Clear Signal ; On                 ; On                 ;
; Analysis & Synthesis Message Level                           ; Medium             ; Medium             ;
+--------------------------------------------------------------+--------------------+--------------------+


+-------------------------------+
; Analysis & Synthesis Messages ;
+-------------------------------+
Info: *******************************************************************
Info: Running Quartus II Analysis & Synthesis
    Info: Version 9.0 Build 235 06/17/2009 Service Pack 2 SJ Web Edition
    Info: Processing started: Mon May 24 21:28:01 2021
Info: Command: quartus_map --read_settings_files=on --write_settings_files=off BuildRom -c BuildRom
Warning: Can't analyze file -- file Z:/Altera Quatus II/Build Rom/Build Rom.bdf is missing
Warning: Using design file BuildRom.bdf, which is not specified as a design file for the current project, but contains definitions for 1 design units and 1 entities in project
    Info: Found entity 1: BuildRom
Info: Elaborating entity "BuildRom" for the top level hierarchy
Error: Width mismatch in port "address[11..0]" of instance "inst5" and type lpm_rom0 -- source is ""ROMAddress""
Error: Width mismatch in port "data[7..0]" of instance "inst20" and type lpm_ram_dq0 -- source is ""data""
Error: Width mismatch in port "address[12..0]" of instance "inst20" and type lpm_ram_dq0 -- source is ""RAMAddress""
Error: Width mismatch in port "data[7..0]" of instance "inst22" and type lpm_ram_dq0 -- source is ""data""
Error: Width mismatch in port "address[12..0]" of instance "inst22" and type lpm_ram_dq0 -- source is ""RAMAddress""
Error: Width mismatch in port "data[7..0]" of instance "inst23" and type lpm_ram_dq0 -- source is ""data""
Error: Width mismatch in port "address[12..0]" of instance "inst23" and type lpm_ram_dq0 -- source is ""RAMAddress""
Error: Width mismatch in port "IN1" of instance "inst24" and type OR4 -- source is ""q[7..0]" (ID lpm_ram_dq0:inst23)"
Error: Width mismatch in port "IN3" of instance "inst24" and type OR4 -- source is ""q[7..0]" (ID lpm_ram_dq0:inst2)"
Error: Width mismatch in port "IN4" of instance "inst24" and type OR4 -- source is ""q[7..0]" (ID lpm_ram_dq0:inst20)"
Error: Width mismatch in port "IN2" of instance "inst24" and type OR4 -- source is ""q[7..0]" (ID lpm_ram_dq0:inst22)"
Error: Width mismatch in port "address[11..0]" of instance "inst1" and type lpm_rom0 -- source is ""ROMAddress""
Error: Width mismatch in port "data[7..0]" of instance "inst2" and type lpm_ram_dq0 -- source is ""data""
Error: Width mismatch in port "address[12..0]" of instance "inst2" and type lpm_ram_dq0 -- source is ""RAMAddress""
Error: Can't elaborate top-level user hierarchy
Error: Quartus II Analysis & Synthesis was unsuccessful. 15 errors, 2 warnings
    Error: Peak virtual memory: 221 megabytes
    Error: Processing ended: Mon May 24 21:28:03 2021
    Error: Elapsed time: 00:00:02
    Error: Total CPU time (on all processors): 00:00:01


